<?xml version="1.0" encoding="UTF-8"?>
<!-- Generated by org.testng.reporters.JUnitReportReporter -->
<testsuite hostname="DESKTOP-D2504CJ" failures="0" tests="1" name="login.TestCaseID" time="11.044" errors="0" timestamp="2022-08-03T22:22:33 IST" skipped="0">
  <testcase classname="login.TestCaseID" name="testCaseDescription" time="11.044"/>
  <system-out/>
</testsuite> <!-- login.TestCaseID -->
