<?xml version="1.0" encoding="UTF-8"?>
<!-- Generated by org.testng.reporters.JUnitReportReporter -->
<testsuite hostname="DESKTOP-D2504CJ" failures="0" tests="1" name="sample.Tc_03" time="7.043" errors="0" timestamp="2022-08-01T23:19:51 IST" skipped="0">
  <testcase classname="sample.Tc_03" name="lunchAmazon" time="7.043"/>
  <system-out/>
</testsuite> <!-- sample.Tc_03 -->
