<?xml version="1.0" encoding="UTF-8"?>
<!-- Generated by org.testng.reporters.JUnitReportReporter -->
<testsuite hostname="DESKTOP-D2504CJ" failures="0" tests="1" name="sample.Tc_04" time="16.671" errors="0" timestamp="2022-08-01T23:16:43 IST" skipped="0">
  <testcase classname="sample.Tc_04" name="lunchDemoactitime" time="16.671"/>
  <system-out/>
</testsuite> <!-- sample.Tc_04 -->
